<?xml version="1.0" encoding="UTF-8"?>
<!-- Generated by org.testng.reporters.JUnitXMLReporter -->
<testsuite hostname="DESKTOP-LEM6O11" ignored="0" name="Default test(failed)" tests="2" failures="0" timestamp="19 Dec 2017 17:18:37 GMT" time="0.025" errors="0">
  <testcase name="@BeforeTest setup" time="0.0" classname="tests.TestIRCTC">
    <failure type="org.testng.TestNGException" message="
Parameter &amp;apos;Browser&amp;apos; is required by BeforeTest on method setup but has not been marked @Optional or defined
in C:\Users\Manimaran\eclipse-workspace\PageObjectModel\test-output\testng-failed.xml">
      <![CDATA[org.testng.TestNGException: 
Parameter 'Browser' is required by BeforeTest on method setup but has not been marked @Optional or defined
in C:\Users\Manimaran\eclipse-workspace\PageObjectModel\test-output\testng-failed.xml
... Removed 21 stack frames]]>
    </failure>
  </testcase> <!-- @BeforeTest setup -->
  <testcase name="@AfterTest close" time="0.0" classname="tests.TestIRCTC">
    <skipped/>
  </testcase> <!-- @AfterTest close -->
  <testcase name="register2" time="0.001" classname="tests.TestIRCTC">
    <skipped/>
  </testcase> <!-- register2 -->
  <testcase name="register1" time="0.0" classname="tests.TestIRCTC">
    <skipped/>
  </testcase> <!-- register1 -->
</testsuite> <!-- Default test(failed) -->
